C51 COMPILER V9.00   MAIN                                                                  03/26/2016 01:06:19 PAGE 1   


C51 COMPILER V9.00, COMPILATION OF MODULE MAIN
OBJECT MODULE PLACED IN main.OBJ
COMPILER INVOKED BY: C:\Keil\C51\BIN\C51.EXE main.c ROM(COMPACT) BROWSE DEBUG OBJECTEXTEND

line level    source

   1          #include <reg52.h>         //此文件中定义了52的一些特殊功能寄存器
   2          #include "timer.h"
   3          #include "uart.h"
   4          #include "user_sys.h"
   5          #include "business.h"
   6          
   7          
   8          
   9          
  10          sbit lockerPin=P1^7;    //定义位选
  11          
  12          
  13          void init()
  14          {
  15   1      
  16   1              lockerPin = 0;
  17   1              
  18   1              Init_Timer0();
  19   1      
  20   1              InitUART();     
  21   1              uartSendStr("int..\r\n");
  22   1              //Init_Timer0();
  23   1      //      TIM2Inital();
  24   1      
  25   1              userSystemEventInit();          
  26   1              uartSendStr("int end...\r\n");  
  27   1      
  28   1      }
  29          void main()
  30          { 
  31   1      //uint i; 
  32   1              init();
  33   1      
  34   1              
  35   1              
  36   1              //LED1  = 0; //置P1_7口为低电平 ,点亮LED
  37   1                      
  38   1              setEvent(EVENT_UART_RECIVE, ENABLE,30,1);
  39   1              setEvent(EVENT_LOCKER_STATUS_RSP, ENABLE,300,1);
  40   1              setEvent(EVENT_LOCKER_LOCKED, ENABLE,1,1);
  41   1      
  42   1              uartDataClean();        
  43   1              while(1)
  44   1              {
  45   2                      /*for(i=0;i<10;i++)       
  46   2                      {
  47   2                              P0=table[i];    //传递数据
  48   2                              P1 = 0x01;              //打开位选
  49   2                              delayms(5);
  50   2                              wela2 = 0;         //关闭位选
  51   2                              delayms(1000); //延时1S
  52   2                      }        */
  53   2                      userBusinessEventHandle();
  54   2      
  55   2              }
C51 COMPILER V9.00   MAIN                                                                  03/26/2016 01:06:19 PAGE 2   

  56   1      }
  57          
  58          


MODULE INFORMATION:   STATIC OVERLAYABLE
   CODE SIZE        =     82    ----
   CONSTANT SIZE    =     21    ----
   XDATA SIZE       =   ----    ----
   PDATA SIZE       =   ----    ----
   DATA SIZE        =   ----    ----
   IDATA SIZE       =   ----    ----
   BIT SIZE         =   ----    ----
END OF MODULE INFORMATION.


C51 COMPILATION COMPLETE.  0 WARNING(S),  0 ERROR(S)
